<?xml version="1.0" encoding="UTF-8"?>
<!-- Generated by org.testng.reporters.JUnitReportReporter -->
<testsuite hostname="LAPTOP-UL4VISUC" failures="0" tests="2" name="Threadsafetyconceptparallel.DriverTest1" time="6.329" errors="0" timestamp="2024-11-26T15:20:00 IST" skipped="0">
  <testcase classname="Threadsafetyconceptparallel.DriverTest1" name="myTest1" time="3.037"/>
  <testcase classname="Threadsafetyconceptparallel.DriverTest1" name="myTest2" time="3.292"/>
</testsuite> <!-- Threadsafetyconceptparallel.DriverTest1 -->
