<?xml version="1.0" encoding="UTF-8"?>
<!-- Generated by org.testng.reporters.JUnitReportReporter -->
<testsuite hostname="LAPTOP-UL4VISUC" failures="0" tests="2" name="Threadsafetyconceptparallel.DriverTest2" time="6.277" errors="0" timestamp="2024-11-26T15:20:50 IST" skipped="0">
  <testcase classname="Threadsafetyconceptparallel.DriverTest2" name="myTest2" time="3.289"/>
  <testcase classname="Threadsafetyconceptparallel.DriverTest2" name="myTest1" time="2.988"/>
</testsuite> <!-- Threadsafetyconceptparallel.DriverTest2 -->
